<?xml version="1.0" encoding="UTF-8"?>
<robot generator="Robot 3.1.2 (Python 3.9.1 on win32)" generated="20210110 17:08:09.702" rpa="false">
<suite id="s1" name="TestCases" source="C:\Users\hp\PycharmProjects\OnlineBook_RF_Demo-master\TestsBook\TestCases.robot">
<test id="s1-t1" name="User should be able to Land on Book details Page">
<kw name="Open India Bookstore" library="instructions">
<kw name="Open Browser" library="SeleniumLibrary">
<doc>Opens a new browser instance to the optional ``url``.</doc>
<arguments>
<arg>${url_books}</arg>
<arg>${brows}</arg>
</arguments>
<msg timestamp="20210110 17:08:10.016" level="INFO">Opening browser 'gc' to base url 'https://www.indiabookstore.net/'.</msg>
<status status="PASS" starttime="20210110 17:08:10.016" endtime="20210110 17:08:18.682"></status>
</kw>
<kw name="Maximize Browser Window" library="SeleniumLibrary">
<doc>Maximizes current browser window.</doc>
<status status="PASS" starttime="20210110 17:08:18.683" endtime="20210110 17:08:20.835"></status>
</kw>
<kw name="Sleep" library="BuiltIn">
<doc>Pauses the test executed for the given time.</doc>
<arguments>
<arg>4s</arg>
</arguments>
<msg timestamp="20210110 17:08:24.844" level="INFO">Slept 4 seconds</msg>
<status status="PASS" starttime="20210110 17:08:20.835" endtime="20210110 17:08:24.844"></status>
</kw>
<kw name="Verify WebPage title" library="instructions">
<arguments>
<arg>${Expected_homePage}</arg>
</arguments>
<kw name="Wait Until Page Contains" library="SeleniumLibrary">
<doc>Waits until ``text`` appears on the current page.</doc>
<arguments>
<arg>${title_name}</arg>
</arguments>
<status status="PASS" starttime="20210110 17:08:24.844" endtime="20210110 17:08:24.865"></status>
</kw>
<kw name="Log To Console" library="BuiltIn">
<doc>Logs the given message to the console.</doc>
<arguments>
<arg>${title_name}</arg>
</arguments>
<status status="PASS" starttime="20210110 17:08:24.865" endtime="20210110 17:08:24.866"></status>
</kw>
<kw name="Log To Console" library="BuiltIn">
<doc>Logs the given message to the console.</doc>
<arguments>
<arg>Pass!!</arg>
</arguments>
<status status="PASS" starttime="20210110 17:08:24.866" endtime="20210110 17:08:24.866"></status>
</kw>
<status status="PASS" starttime="20210110 17:08:24.844" endtime="20210110 17:08:24.867"></status>
</kw>
<kw name="Execute Javascript" library="SeleniumLibrary">
<doc>Executes the given JavaScript code with possible arguments.</doc>
<arguments>
<arg>window.scrollTo(0, 500)</arg>
</arguments>
<msg timestamp="20210110 17:08:24.867" level="INFO">Executing JavaScript:
window.scrollTo(0, 500)
Without any arguments.</msg>
<status status="PASS" starttime="20210110 17:08:24.867" endtime="20210110 17:08:24.879"></status>
</kw>
<kw name="Log To Console" library="BuiltIn">
<doc>Logs the given message to the console.</doc>
<arguments>
<arg>Step1</arg>
</arguments>
<status status="PASS" starttime="20210110 17:08:24.879" endtime="20210110 17:08:24.880"></status>
</kw>
<status status="PASS" starttime="20210110 17:08:10.000" endtime="20210110 17:08:24.880"></status>
</kw>
<kw name="Navigate to Category &quot;Computing and Internet&quot;" library="instructions">
<kw name="Get Element Count" library="SeleniumLibrary">
<doc>Returns the number of elements matching ``locator``.</doc>
<arguments>
<arg>xpath=//*[@id="leftNavContainer"]/ul/li</arg>
</arguments>
<assign>
<var>${category_count}</var>
</assign>
<msg timestamp="20210110 17:08:24.909" level="INFO">${category_count} = 21</msg>
<status status="PASS" starttime="20210110 17:08:24.883" endtime="20210110 17:08:24.909"></status>
</kw>
<kw name="Sleep" library="BuiltIn">
<doc>Pauses the test executed for the given time.</doc>
<arguments>
<arg>3s</arg>
</arguments>
<msg timestamp="20210110 17:08:27.912" level="INFO">Slept 3 seconds</msg>
<status status="PASS" starttime="20210110 17:08:24.909" endtime="20210110 17:08:27.913"></status>
</kw>
<kw name="${i} IN RANGE [ 1 | ${category_count} ]" type="for">
<kw name="${i} = 1" type="foritem">
<kw name="Get Text" library="SeleniumLibrary">
<doc>Returns the text value of the element identified by ``locator``.</doc>
<arguments>
<arg>xpath=//*[@id="leftNavContainer"]/ul/li[${i}]/a</arg>
</arguments>
<assign>
<var>${dynamic_categ_name}</var>
</assign>
<msg timestamp="20210110 17:08:27.978" level="INFO">${dynamic_categ_name} = Academic</msg>
<status status="PASS" starttime="20210110 17:08:27.914" endtime="20210110 17:08:27.978"></status>
</kw>
<kw name="Scroll Element Into View" library="SeleniumLibrary">
<doc>Scrolls the element identified by ``locator`` into view.</doc>
<arguments>
<arg>xpath=//*[@id="leftNavContainer"]/ul/li[${i}]/a</arg>
</arguments>
<status status="PASS" starttime="20210110 17:08:27.978" endtime="20210110 17:08:28.268"></status>
</kw>
<kw name="Exit For Loop If" library="BuiltIn">
<doc>Stops executing the enclosing for loop if the ``condition`` is true.</doc>
<arguments>
<arg>"${dynamic_categ_name}" == "${Expected_category}"</arg>
</arguments>
<status status="PASS" starttime="20210110 17:08:28.268" endtime="20210110 17:08:28.268"></status>
</kw>
<status status="PASS" starttime="20210110 17:08:27.914" endtime="20210110 17:08:28.268"></status>
</kw>
<kw name="${i} = 2" type="foritem">
<kw name="Get Text" library="SeleniumLibrary">
<doc>Returns the text value of the element identified by ``locator``.</doc>
<arguments>
<arg>xpath=//*[@id="leftNavContainer"]/ul/li[${i}]/a</arg>
</arguments>
<assign>
<var>${dynamic_categ_name}</var>
</assign>
<msg timestamp="20210110 17:08:28.331" level="INFO">${dynamic_categ_name} = Action &amp; Adventure</msg>
<status status="PASS" starttime="20210110 17:08:28.268" endtime="20210110 17:08:28.331"></status>
</kw>
<kw name="Scroll Element Into View" library="SeleniumLibrary">
<doc>Scrolls the element identified by ``locator`` into view.</doc>
<arguments>
<arg>xpath=//*[@id="leftNavContainer"]/ul/li[${i}]/a</arg>
</arguments>
<status status="PASS" starttime="20210110 17:08:28.331" endtime="20210110 17:08:28.620"></status>
</kw>
<kw name="Exit For Loop If" library="BuiltIn">
<doc>Stops executing the enclosing for loop if the ``condition`` is true.</doc>
<arguments>
<arg>"${dynamic_categ_name}" == "${Expected_category}"</arg>
</arguments>
<status status="PASS" starttime="20210110 17:08:28.620" endtime="20210110 17:08:28.620"></status>
</kw>
<status status="PASS" starttime="20210110 17:08:28.268" endtime="20210110 17:08:28.620"></status>
</kw>
<kw name="${i} = 3" type="foritem">
<kw name="Get Text" library="SeleniumLibrary">
<doc>Returns the text value of the element identified by ``locator``.</doc>
<arguments>
<arg>xpath=//*[@id="leftNavContainer"]/ul/li[${i}]/a</arg>
</arguments>
<assign>
<var>${dynamic_categ_name}</var>
</assign>
<msg timestamp="20210110 17:08:28.682" level="INFO">${dynamic_categ_name} = Biographies &amp; True Accounts</msg>
<status status="PASS" starttime="20210110 17:08:28.620" endtime="20210110 17:08:28.682"></status>
</kw>
<kw name="Scroll Element Into View" library="SeleniumLibrary">
<doc>Scrolls the element identified by ``locator`` into view.</doc>
<arguments>
<arg>xpath=//*[@id="leftNavContainer"]/ul/li[${i}]/a</arg>
</arguments>
<status status="PASS" starttime="20210110 17:08:28.682" endtime="20210110 17:08:28.963"></status>
</kw>
<kw name="Exit For Loop If" library="BuiltIn">
<doc>Stops executing the enclosing for loop if the ``condition`` is true.</doc>
<arguments>
<arg>"${dynamic_categ_name}" == "${Expected_category}"</arg>
</arguments>
<status status="PASS" starttime="20210110 17:08:28.964" endtime="20210110 17:08:28.964"></status>
</kw>
<status status="PASS" starttime="20210110 17:08:28.620" endtime="20210110 17:08:28.964"></status>
</kw>
<kw name="${i} = 4" type="foritem">
<kw name="Get Text" library="SeleniumLibrary">
<doc>Returns the text value of the element identified by ``locator``.</doc>
<arguments>
<arg>xpath=//*[@id="leftNavContainer"]/ul/li[${i}]/a</arg>
</arguments>
<assign>
<var>${dynamic_categ_name}</var>
</assign>
<msg timestamp="20210110 17:08:28.996" level="INFO">${dynamic_categ_name} = Business, Investing and Management</msg>
<status status="PASS" starttime="20210110 17:08:28.965" endtime="20210110 17:08:28.996"></status>
</kw>
<kw name="Scroll Element Into View" library="SeleniumLibrary">
<doc>Scrolls the element identified by ``locator`` into view.</doc>
<arguments>
<arg>xpath=//*[@id="leftNavContainer"]/ul/li[${i}]/a</arg>
</arguments>
<status status="PASS" starttime="20210110 17:08:28.996" endtime="20210110 17:08:29.282"></status>
</kw>
<kw name="Exit For Loop If" library="BuiltIn">
<doc>Stops executing the enclosing for loop if the ``condition`` is true.</doc>
<arguments>
<arg>"${dynamic_categ_name}" == "${Expected_category}"</arg>
</arguments>
<status status="PASS" starttime="20210110 17:08:29.282" endtime="20210110 17:08:29.282"></status>
</kw>
<status status="PASS" starttime="20210110 17:08:28.964" endtime="20210110 17:08:29.282"></status>
</kw>
<kw name="${i} = 5" type="foritem">
<kw name="Get Text" library="SeleniumLibrary">
<doc>Returns the text value of the element identified by ``locator``.</doc>
<arguments>
<arg>xpath=//*[@id="leftNavContainer"]/ul/li[${i}]/a</arg>
</arguments>
<assign>
<var>${dynamic_categ_name}</var>
</assign>
<msg timestamp="20210110 17:08:29.329" level="INFO">${dynamic_categ_name} = Children's Books</msg>
<status status="PASS" starttime="20210110 17:08:29.282" endtime="20210110 17:08:29.329"></status>
</kw>
<kw name="Scroll Element Into View" library="SeleniumLibrary">
<doc>Scrolls the element identified by ``locator`` into view.</doc>
<arguments>
<arg>xpath=//*[@id="leftNavContainer"]/ul/li[${i}]/a</arg>
</arguments>
<status status="PASS" starttime="20210110 17:08:29.329" endtime="20210110 17:08:29.623"></status>
</kw>
<kw name="Exit For Loop If" library="BuiltIn">
<doc>Stops executing the enclosing for loop if the ``condition`` is true.</doc>
<arguments>
<arg>"${dynamic_categ_name}" == "${Expected_category}"</arg>
</arguments>
<status status="PASS" starttime="20210110 17:08:29.623" endtime="20210110 17:08:29.623"></status>
</kw>
<status status="PASS" starttime="20210110 17:08:29.282" endtime="20210110 17:08:29.623"></status>
</kw>
<kw name="${i} = 6" type="foritem">
<kw name="Get Text" library="SeleniumLibrary">
<doc>Returns the text value of the element identified by ``locator``.</doc>
<arguments>
<arg>xpath=//*[@id="leftNavContainer"]/ul/li[${i}]/a</arg>
</arguments>
<assign>
<var>${dynamic_categ_name}</var>
</assign>
<msg timestamp="20210110 17:08:29.670" level="INFO">${dynamic_categ_name} = Comics &amp; Manga</msg>
<status status="PASS" starttime="20210110 17:08:29.623" endtime="20210110 17:08:29.670"></status>
</kw>
<kw name="Scroll Element Into View" library="SeleniumLibrary">
<doc>Scrolls the element identified by ``locator`` into view.</doc>
<arguments>
<arg>xpath=//*[@id="leftNavContainer"]/ul/li[${i}]/a</arg>
</arguments>
<status status="PASS" starttime="20210110 17:08:29.670" endtime="20210110 17:08:29.948"></status>
</kw>
<kw name="Exit For Loop If" library="BuiltIn">
<doc>Stops executing the enclosing for loop if the ``condition`` is true.</doc>
<arguments>
<arg>"${dynamic_categ_name}" == "${Expected_category}"</arg>
</arguments>
<status status="PASS" starttime="20210110 17:08:29.948" endtime="20210110 17:08:29.948"></status>
</kw>
<status status="PASS" starttime="20210110 17:08:29.623" endtime="20210110 17:08:29.948"></status>
</kw>
<kw name="${i} = 7" type="foritem">
<kw name="Get Text" library="SeleniumLibrary">
<doc>Returns the text value of the element identified by ``locator``.</doc>
<arguments>
<arg>xpath=//*[@id="leftNavContainer"]/ul/li[${i}]/a</arg>
</arguments>
<assign>
<var>${dynamic_categ_name}</var>
</assign>
<msg timestamp="20210110 17:08:29.979" level="INFO">${dynamic_categ_name} = Computing &amp; Internet</msg>
<status status="PASS" starttime="20210110 17:08:29.948" endtime="20210110 17:08:29.979"></status>
</kw>
<kw name="Scroll Element Into View" library="SeleniumLibrary">
<doc>Scrolls the element identified by ``locator`` into view.</doc>
<arguments>
<arg>xpath=//*[@id="leftNavContainer"]/ul/li[${i}]/a</arg>
</arguments>
<status status="PASS" starttime="20210110 17:08:29.979" endtime="20210110 17:08:30.267"></status>
</kw>
<kw name="Exit For Loop If" library="BuiltIn">
<doc>Stops executing the enclosing for loop if the ``condition`` is true.</doc>
<arguments>
<arg>"${dynamic_categ_name}" == "${Expected_category}"</arg>
</arguments>
<msg timestamp="20210110 17:08:30.267" level="INFO">Exiting for loop altogether.</msg>
<status status="PASS" starttime="20210110 17:08:30.267" endtime="20210110 17:08:30.267"></status>
</kw>
<status status="PASS" starttime="20210110 17:08:29.948" endtime="20210110 17:08:30.267"></status>
</kw>
<status status="PASS" starttime="20210110 17:08:27.913" endtime="20210110 17:08:30.267"></status>
</kw>
<kw name="Set Test Variable" library="BuiltIn">
<doc>Makes a variable available everywhere within the scope of the current test.</doc>
<arguments>
<arg>${static_categ_name}</arg>
<arg>xpath=//*[@id="leftNavContainer"]/ul/li[${i}]/a</arg>
</arguments>
<msg timestamp="20210110 17:08:30.267" level="INFO">${static_categ_name} = xpath=//*[@id="leftNavContainer"]/ul/li[7]/a</msg>
<status status="PASS" starttime="20210110 17:08:30.267" endtime="20210110 17:08:30.267"></status>
</kw>
<kw name="Log To Console" library="BuiltIn">
<doc>Logs the given message to the console.</doc>
<arguments>
<arg>Step2</arg>
</arguments>
<status status="PASS" starttime="20210110 17:08:30.267" endtime="20210110 17:08:30.282"></status>
</kw>
<status status="PASS" starttime="20210110 17:08:24.881" endtime="20210110 17:08:30.282"></status>
</kw>
<kw name="Click on &quot;Digital Media and Internet&quot; Sub Section" library="instructions">
<kw name="Mouse Over" library="SeleniumLibrary">
<doc>Simulates hovering the mouse over the element ``locator``.</doc>
<arguments>
<arg>${static_categ_name}</arg>
</arguments>
<msg timestamp="20210110 17:08:30.282" level="INFO">Simulating Mouse Over on element 'xpath=//*[@id="leftNavContainer"]/ul/li[7]/a'.</msg>
<status status="PASS" starttime="20210110 17:08:30.282" endtime="20210110 17:08:30.572"></status>
</kw>
<kw name="Sleep" library="BuiltIn">
<doc>Pauses the test executed for the given time.</doc>
<arguments>
<arg>1s</arg>
</arguments>
<msg timestamp="20210110 17:08:31.576" level="INFO">Slept 1 second</msg>
<status status="PASS" starttime="20210110 17:08:30.572" endtime="20210110 17:08:31.576"></status>
</kw>
<kw name="Mouse Over" library="SeleniumLibrary">
<doc>Simulates hovering the mouse over the element ``locator``.</doc>
<arguments>
<arg>${Digital_Media}</arg>
</arguments>
<msg timestamp="20210110 17:08:31.576" level="INFO">Simulating Mouse Over on element 'xpath=//*[@id="leftNavContainer"]/ul/li[7]/ul/li[2]'.</msg>
<status status="PASS" starttime="20210110 17:08:31.576" endtime="20210110 17:08:31.880"></status>
</kw>
<kw name="Sleep" library="BuiltIn">
<doc>Pauses the test executed for the given time.</doc>
<arguments>
<arg>3s</arg>
</arguments>
<msg timestamp="20210110 17:08:34.886" level="INFO">Slept 3 seconds</msg>
<status status="PASS" starttime="20210110 17:08:31.880" endtime="20210110 17:08:34.886"></status>
</kw>
<kw name="Verify WebPage title" library="instructions">
<arguments>
<arg>Digital Media and Internet</arg>
</arguments>
<kw name="Wait Until Page Contains" library="SeleniumLibrary">
<doc>Waits until ``text`` appears on the current page.</doc>
<arguments>
<arg>${title_name}</arg>
</arguments>
<status status="PASS" starttime="20210110 17:08:34.886" endtime="20210110 17:08:34.902"></status>
</kw>
<kw name="Log To Console" library="BuiltIn">
<doc>Logs the given message to the console.</doc>
<arguments>
<arg>${title_name}</arg>
</arguments>
<status status="PASS" starttime="20210110 17:08:34.902" endtime="20210110 17:08:34.902"></status>
</kw>
<kw name="Log To Console" library="BuiltIn">
<doc>Logs the given message to the console.</doc>
<arguments>
<arg>Pass!!</arg>
</arguments>
<status status="PASS" starttime="20210110 17:08:34.902" endtime="20210110 17:08:34.902"></status>
</kw>
<status status="PASS" starttime="20210110 17:08:34.886" endtime="20210110 17:08:34.902"></status>
</kw>
<kw name="Click Element" library="SeleniumLibrary">
<doc>Click the element identified by ``locator``.</doc>
<arguments>
<arg>${Digital_Media}</arg>
</arguments>
<msg timestamp="20210110 17:08:34.902" level="INFO">Clicking element 'xpath=//*[@id="leftNavContainer"]/ul/li[7]/ul/li[2]'.</msg>
<status status="PASS" starttime="20210110 17:08:34.902" endtime="20210110 17:08:39.314"></status>
</kw>
<kw name="Sleep" library="BuiltIn">
<doc>Pauses the test executed for the given time.</doc>
<arguments>
<arg>1s</arg>
</arguments>
<msg timestamp="20210110 17:08:40.319" level="INFO">Slept 1 second</msg>
<status status="PASS" starttime="20210110 17:08:39.315" endtime="20210110 17:08:40.319"></status>
</kw>
<kw name="Verify WebPage title" library="instructions">
<arguments>
<arg>${Expected_Book_Category}</arg>
</arguments>
<kw name="Wait Until Page Contains" library="SeleniumLibrary">
<doc>Waits until ``text`` appears on the current page.</doc>
<arguments>
<arg>${title_name}</arg>
</arguments>
<status status="PASS" starttime="20210110 17:08:40.319" endtime="20210110 17:08:40.350"></status>
</kw>
<kw name="Log To Console" library="BuiltIn">
<doc>Logs the given message to the console.</doc>
<arguments>
<arg>${title_name}</arg>
</arguments>
<status status="PASS" starttime="20210110 17:08:40.350" endtime="20210110 17:08:40.350"></status>
</kw>
<kw name="Log To Console" library="BuiltIn">
<doc>Logs the given message to the console.</doc>
<arguments>
<arg>Pass!!</arg>
</arguments>
<status status="PASS" starttime="20210110 17:08:40.350" endtime="20210110 17:08:40.350"></status>
</kw>
<status status="PASS" starttime="20210110 17:08:40.319" endtime="20210110 17:08:40.350"></status>
</kw>
<kw name="Log To Console" library="BuiltIn">
<doc>Logs the given message to the console.</doc>
<arguments>
<arg>Step3</arg>
</arguments>
<status status="PASS" starttime="20210110 17:08:40.350" endtime="20210110 17:08:40.350"></status>
</kw>
<status status="PASS" starttime="20210110 17:08:30.282" endtime="20210110 17:08:40.350"></status>
</kw>
<kw name="Search for the book title 'Art of Community' in the Booklist" library="instructions">
<kw name="Get Element Count" library="SeleniumLibrary">
<doc>Returns the number of elements matching ``locator``.</doc>
<arguments>
<arg>xpath=//div[@class='col-md-9']/div</arg>
</arguments>
<assign>
<var>${buk_list}</var>
</assign>
<msg timestamp="20210110 17:08:40.381" level="INFO">${buk_list} = 51</msg>
<status status="PASS" starttime="20210110 17:08:40.350" endtime="20210110 17:08:40.381"></status>
</kw>
<kw name="${j} IN RANGE [ 2 | ${buk_list} ]" type="for">
<kw name="${j} = 2" type="foritem">
<kw name="Get Text" library="SeleniumLibrary">
<doc>Returns the text value of the element identified by ``locator``.</doc>
<arguments>
<arg>xpath=//div[@class='col-md-9']/div[${j}]/a/div[3]</arg>
</arguments>
<assign>
<var>${buk_names}</var>
</assign>
<msg timestamp="20210110 17:08:40.412" level="INFO">${buk_names} = Scott Kelby's digital photogra...</msg>
<status status="PASS" starttime="20210110 17:08:40.381" endtime="20210110 17:08:40.412"></status>
</kw>
<kw name="Exit For Loop If" library="BuiltIn">
<doc>Stops executing the enclosing for loop if the ``condition`` is true.</doc>
<arguments>
<arg>"${buk_names}" == "${Expected_Book_Name}"</arg>
</arguments>
<status status="PASS" starttime="20210110 17:08:40.412" endtime="20210110 17:08:40.412"></status>
</kw>
<status status="PASS" starttime="20210110 17:08:40.381" endtime="20210110 17:08:40.412"></status>
</kw>
<kw name="${j} = 3" type="foritem">
<kw name="Get Text" library="SeleniumLibrary">
<doc>Returns the text value of the element identified by ``locator``.</doc>
<arguments>
<arg>xpath=//div[@class='col-md-9']/div[${j}]/a/div[3]</arg>
</arguments>
<assign>
<var>${buk_names}</var>
</assign>
<msg timestamp="20210110 17:08:40.444" level="INFO">${buk_names} = Googled: The End of the World ...</msg>
<status status="PASS" starttime="20210110 17:08:40.412" endtime="20210110 17:08:40.444"></status>
</kw>
<kw name="Exit For Loop If" library="BuiltIn">
<doc>Stops executing the enclosing for loop if the ``condition`` is true.</doc>
<arguments>
<arg>"${buk_names}" == "${Expected_Book_Name}"</arg>
</arguments>
<status status="PASS" starttime="20210110 17:08:40.444" endtime="20210110 17:08:40.459"></status>
</kw>
<status status="PASS" starttime="20210110 17:08:40.412" endtime="20210110 17:08:40.459"></status>
</kw>
<kw name="${j} = 4" type="foritem">
<kw name="Get Text" library="SeleniumLibrary">
<doc>Returns the text value of the element identified by ``locator``.</doc>
<arguments>
<arg>xpath=//div[@class='col-md-9']/div[${j}]/a/div[3]</arg>
</arguments>
<assign>
<var>${buk_names}</var>
</assign>
<msg timestamp="20210110 17:08:40.503" level="INFO">${buk_names} = DESIGNING WITH WEB STANDARDS 2...</msg>
<status status="PASS" starttime="20210110 17:08:40.459" endtime="20210110 17:08:40.503"></status>
</kw>
<kw name="Exit For Loop If" library="BuiltIn">
<doc>Stops executing the enclosing for loop if the ``condition`` is true.</doc>
<arguments>
<arg>"${buk_names}" == "${Expected_Book_Name}"</arg>
</arguments>
<status status="PASS" starttime="20210110 17:08:40.504" endtime="20210110 17:08:40.504"></status>
</kw>
<status status="PASS" starttime="20210110 17:08:40.459" endtime="20210110 17:08:40.504"></status>
</kw>
<kw name="${j} = 5" type="foritem">
<kw name="Get Text" library="SeleniumLibrary">
<doc>Returns the text value of the element identified by ``locator``.</doc>
<arguments>
<arg>xpath=//div[@class='col-md-9']/div[${j}]/a/div[3]</arg>
</arguments>
<assign>
<var>${buk_names}</var>
</assign>
<msg timestamp="20210110 17:08:40.532" level="INFO">${buk_names} = The future just happened</msg>
<status status="PASS" starttime="20210110 17:08:40.505" endtime="20210110 17:08:40.532"></status>
</kw>
<kw name="Exit For Loop If" library="BuiltIn">
<doc>Stops executing the enclosing for loop if the ``condition`` is true.</doc>
<arguments>
<arg>"${buk_names}" == "${Expected_Book_Name}"</arg>
</arguments>
<status status="PASS" starttime="20210110 17:08:40.532" endtime="20210110 17:08:40.532"></status>
</kw>
<status status="PASS" starttime="20210110 17:08:40.504" endtime="20210110 17:08:40.532"></status>
</kw>
<kw name="${j} = 6" type="foritem">
<kw name="Get Text" library="SeleniumLibrary">
<doc>Returns the text value of the element identified by ``locator``.</doc>
<arguments>
<arg>xpath=//div[@class='col-md-9']/div[${j}]/a/div[3]</arg>
</arguments>
<assign>
<var>${buk_names}</var>
</assign>
<msg timestamp="20210110 17:08:40.563" level="INFO">${buk_names} = I Hate the Internet: A Useful ...</msg>
<status status="PASS" starttime="20210110 17:08:40.532" endtime="20210110 17:08:40.563"></status>
</kw>
<kw name="Exit For Loop If" library="BuiltIn">
<doc>Stops executing the enclosing for loop if the ``condition`` is true.</doc>
<arguments>
<arg>"${buk_names}" == "${Expected_Book_Name}"</arg>
</arguments>
<status status="PASS" starttime="20210110 17:08:40.563" endtime="20210110 17:08:40.563"></status>
</kw>
<status status="PASS" starttime="20210110 17:08:40.532" endtime="20210110 17:08:40.563"></status>
</kw>
<kw name="${j} = 7" type="foritem">
<kw name="Get Text" library="SeleniumLibrary">
<doc>Returns the text value of the element identified by ``locator``.</doc>
<arguments>
<arg>xpath=//div[@class='col-md-9']/div[${j}]/a/div[3]</arg>
</arguments>
<assign>
<var>${buk_names}</var>
</assign>
<msg timestamp="20210110 17:08:40.610" level="INFO">${buk_names} = Java The Complete Reference, 8...</msg>
<status status="PASS" starttime="20210110 17:08:40.563" endtime="20210110 17:08:40.610"></status>
</kw>
<kw name="Exit For Loop If" library="BuiltIn">
<doc>Stops executing the enclosing for loop if the ``condition`` is true.</doc>
<arguments>
<arg>"${buk_names}" == "${Expected_Book_Name}"</arg>
</arguments>
<status status="PASS" starttime="20210110 17:08:40.610" endtime="20210110 17:08:40.610"></status>
</kw>
<status status="PASS" starttime="20210110 17:08:40.563" endtime="20210110 17:08:40.610"></status>
</kw>
<kw name="${j} = 8" type="foritem">
<kw name="Get Text" library="SeleniumLibrary">
<doc>Returns the text value of the element identified by ``locator``.</doc>
<arguments>
<arg>xpath=//div[@class='col-md-9']/div[${j}]/a/div[3]</arg>
</arguments>
<assign>
<var>${buk_names}</var>
</assign>
<msg timestamp="20210110 17:08:40.641" level="INFO">${buk_names} = HTML, XHTML, and CSS, Sixth Ed...</msg>
<status status="PASS" starttime="20210110 17:08:40.610" endtime="20210110 17:08:40.641"></status>
</kw>
<kw name="Exit For Loop If" library="BuiltIn">
<doc>Stops executing the enclosing for loop if the ``condition`` is true.</doc>
<arguments>
<arg>"${buk_names}" == "${Expected_Book_Name}"</arg>
</arguments>
<status status="PASS" starttime="20210110 17:08:40.641" endtime="20210110 17:08:40.641"></status>
</kw>
<status status="PASS" starttime="20210110 17:08:40.610" endtime="20210110 17:08:40.641"></status>
</kw>
<kw name="${j} = 9" type="foritem">
<kw name="Get Text" library="SeleniumLibrary">
<doc>Returns the text value of the element identified by ``locator``.</doc>
<arguments>
<arg>xpath=//div[@class='col-md-9']/div[${j}]/a/div[3]</arg>
</arguments>
<assign>
<var>${buk_names}</var>
</assign>
<msg timestamp="20210110 17:08:40.688" level="INFO">${buk_names} = Hacking Exposed: Network Secur...</msg>
<status status="PASS" starttime="20210110 17:08:40.641" endtime="20210110 17:08:40.688"></status>
</kw>
<kw name="Exit For Loop If" library="BuiltIn">
<doc>Stops executing the enclosing for loop if the ``condition`` is true.</doc>
<arguments>
<arg>"${buk_names}" == "${Expected_Book_Name}"</arg>
</arguments>
<status status="PASS" starttime="20210110 17:08:40.688" endtime="20210110 17:08:40.688"></status>
</kw>
<status status="PASS" starttime="20210110 17:08:40.641" endtime="20210110 17:08:40.688"></status>
</kw>
<kw name="${j} = 10" type="foritem">
<kw name="Get Text" library="SeleniumLibrary">
<doc>Returns the text value of the element identified by ``locator``.</doc>
<arguments>
<arg>xpath=//div[@class='col-md-9']/div[${j}]/a/div[3]</arg>
</arguments>
<assign>
<var>${buk_names}</var>
</assign>
<msg timestamp="20210110 17:08:40.719" level="INFO">${buk_names} = Automation, Production Systems...</msg>
<status status="PASS" starttime="20210110 17:08:40.688" endtime="20210110 17:08:40.719"></status>
</kw>
<kw name="Exit For Loop If" library="BuiltIn">
<doc>Stops executing the enclosing for loop if the ``condition`` is true.</doc>
<arguments>
<arg>"${buk_names}" == "${Expected_Book_Name}"</arg>
</arguments>
<status status="PASS" starttime="20210110 17:08:40.719" endtime="20210110 17:08:40.719"></status>
</kw>
<status status="PASS" starttime="20210110 17:08:40.688" endtime="20210110 17:08:40.719"></status>
</kw>
<kw name="${j} = 11" type="foritem">
<kw name="Get Text" library="SeleniumLibrary">
<doc>Returns the text value of the element identified by ``locator``.</doc>
<arguments>
<arg>xpath=//div[@class='col-md-9']/div[${j}]/a/div[3]</arg>
</arguments>
<assign>
<var>${buk_names}</var>
</assign>
<msg timestamp="20210110 17:08:40.750" level="INFO">${buk_names} = Ophelia Joined the Group Maide...</msg>
<status status="PASS" starttime="20210110 17:08:40.719" endtime="20210110 17:08:40.750"></status>
</kw>
<kw name="Exit For Loop If" library="BuiltIn">
<doc>Stops executing the enclosing for loop if the ``condition`` is true.</doc>
<arguments>
<arg>"${buk_names}" == "${Expected_Book_Name}"</arg>
</arguments>
<status status="PASS" starttime="20210110 17:08:40.750" endtime="20210110 17:08:40.750"></status>
</kw>
<status status="PASS" starttime="20210110 17:08:40.719" endtime="20210110 17:08:40.750"></status>
</kw>
<kw name="${j} = 12" type="foritem">
<kw name="Get Text" library="SeleniumLibrary">
<doc>Returns the text value of the element identified by ``locator``.</doc>
<arguments>
<arg>xpath=//div[@class='col-md-9']/div[${j}]/a/div[3]</arg>
</arguments>
<assign>
<var>${buk_names}</var>
</assign>
<msg timestamp="20210110 17:08:40.782" level="INFO">${buk_names} = Advanced Web Metrics with Goog...</msg>
<status status="PASS" starttime="20210110 17:08:40.750" endtime="20210110 17:08:40.782"></status>
</kw>
<kw name="Exit For Loop If" library="BuiltIn">
<doc>Stops executing the enclosing for loop if the ``condition`` is true.</doc>
<arguments>
<arg>"${buk_names}" == "${Expected_Book_Name}"</arg>
</arguments>
<status status="PASS" starttime="20210110 17:08:40.782" endtime="20210110 17:08:40.782"></status>
</kw>
<status status="PASS" starttime="20210110 17:08:40.750" endtime="20210110 17:08:40.782"></status>
</kw>
<kw name="${j} = 13" type="foritem">
<kw name="Get Text" library="SeleniumLibrary">
<doc>Returns the text value of the element identified by ``locator``.</doc>
<arguments>
<arg>xpath=//div[@class='col-md-9']/div[${j}]/a/div[3]</arg>
</arguments>
<assign>
<var>${buk_names}</var>
</assign>
<msg timestamp="20210110 17:08:40.813" level="INFO">${buk_names} = Blogging for Bliss: Crafting Y...</msg>
<status status="PASS" starttime="20210110 17:08:40.782" endtime="20210110 17:08:40.813"></status>
</kw>
<kw name="Exit For Loop If" library="BuiltIn">
<doc>Stops executing the enclosing for loop if the ``condition`` is true.</doc>
<arguments>
<arg>"${buk_names}" == "${Expected_Book_Name}"</arg>
</arguments>
<status status="PASS" starttime="20210110 17:08:40.813" endtime="20210110 17:08:40.828"></status>
</kw>
<status status="PASS" starttime="20210110 17:08:40.782" endtime="20210110 17:08:40.828"></status>
</kw>
<kw name="${j} = 14" type="foritem">
<kw name="Get Text" library="SeleniumLibrary">
<doc>Returns the text value of the element identified by ``locator``.</doc>
<arguments>
<arg>xpath=//div[@class='col-md-9']/div[${j}]/a/div[3]</arg>
</arguments>
<assign>
<var>${buk_names}</var>
</assign>
<msg timestamp="20210110 17:08:40.860" level="INFO">${buk_names} = Python Pocket Reference, 2nd E...</msg>
<status status="PASS" starttime="20210110 17:08:40.828" endtime="20210110 17:08:40.860"></status>
</kw>
<kw name="Exit For Loop If" library="BuiltIn">
<doc>Stops executing the enclosing for loop if the ``condition`` is true.</doc>
<arguments>
<arg>"${buk_names}" == "${Expected_Book_Name}"</arg>
</arguments>
<status status="PASS" starttime="20210110 17:08:40.860" endtime="20210110 17:08:40.860"></status>
</kw>
<status status="PASS" starttime="20210110 17:08:40.828" endtime="20210110 17:08:40.860"></status>
</kw>
<kw name="${j} = 15" type="foritem">
<kw name="Get Text" library="SeleniumLibrary">
<doc>Returns the text value of the element identified by ``locator``.</doc>
<arguments>
<arg>xpath=//div[@class='col-md-9']/div[${j}]/a/div[3]</arg>
</arguments>
<assign>
<var>${buk_names}</var>
</assign>
<msg timestamp="20210110 17:08:40.907" level="INFO">${buk_names} = We Are Not Alone: The Writer's...</msg>
<status status="PASS" starttime="20210110 17:08:40.860" endtime="20210110 17:08:40.907"></status>
</kw>
<kw name="Exit For Loop If" library="BuiltIn">
<doc>Stops executing the enclosing for loop if the ``condition`` is true.</doc>
<arguments>
<arg>"${buk_names}" == "${Expected_Book_Name}"</arg>
</arguments>
<status status="PASS" starttime="20210110 17:08:40.907" endtime="20210110 17:08:40.907"></status>
</kw>
<status status="PASS" starttime="20210110 17:08:40.860" endtime="20210110 17:08:40.907"></status>
</kw>
<kw name="${j} = 16" type="foritem">
<kw name="Get Text" library="SeleniumLibrary">
<doc>Returns the text value of the element identified by ``locator``.</doc>
<arguments>
<arg>xpath=//div[@class='col-md-9']/div[${j}]/a/div[3]</arg>
</arguments>
<assign>
<var>${buk_names}</var>
</assign>
<msg timestamp="20210110 17:08:40.938" level="INFO">${buk_names} = Digital Photography for Dummie...</msg>
<status status="PASS" starttime="20210110 17:08:40.907" endtime="20210110 17:08:40.938"></status>
</kw>
<kw name="Exit For Loop If" library="BuiltIn">
<doc>Stops executing the enclosing for loop if the ``condition`` is true.</doc>
<arguments>
<arg>"${buk_names}" == "${Expected_Book_Name}"</arg>
</arguments>
<status status="PASS" starttime="20210110 17:08:40.938" endtime="20210110 17:08:40.938"></status>
</kw>
<status status="PASS" starttime="20210110 17:08:40.907" endtime="20210110 17:08:40.938"></status>
</kw>
<kw name="${j} = 17" type="foritem">
<kw name="Get Text" library="SeleniumLibrary">
<doc>Returns the text value of the element identified by ``locator``.</doc>
<arguments>
<arg>xpath=//div[@class='col-md-9']/div[${j}]/a/div[3]</arg>
</arguments>
<assign>
<var>${buk_names}</var>
</assign>
<msg timestamp="20210110 17:08:40.969" level="INFO">${buk_names} = Building Scalable Web Sites</msg>
<status status="PASS" starttime="20210110 17:08:40.938" endtime="20210110 17:08:40.969"></status>
</kw>
<kw name="Exit For Loop If" library="BuiltIn">
<doc>Stops executing the enclosing for loop if the ``condition`` is true.</doc>
<arguments>
<arg>"${buk_names}" == "${Expected_Book_Name}"</arg>
</arguments>
<status status="PASS" starttime="20210110 17:08:40.969" endtime="20210110 17:08:40.985"></status>
</kw>
<status status="PASS" starttime="20210110 17:08:40.938" endtime="20210110 17:08:40.985"></status>
</kw>
<kw name="${j} = 18" type="foritem">
<kw name="Get Text" library="SeleniumLibrary">
<doc>Returns the text value of the element identified by ``locator``.</doc>
<arguments>
<arg>xpath=//div[@class='col-md-9']/div[${j}]/a/div[3]</arg>
</arguments>
<assign>
<var>${buk_names}</var>
</assign>
<msg timestamp="20210110 17:08:41.018" level="INFO">${buk_names} = The Google Way - How One Compa...</msg>
<status status="PASS" starttime="20210110 17:08:40.985" endtime="20210110 17:08:41.018"></status>
</kw>
<kw name="Exit For Loop If" library="BuiltIn">
<doc>Stops executing the enclosing for loop if the ``condition`` is true.</doc>
<arguments>
<arg>"${buk_names}" == "${Expected_Book_Name}"</arg>
</arguments>
<status status="PASS" starttime="20210110 17:08:41.018" endtime="20210110 17:08:41.019"></status>
</kw>
<status status="PASS" starttime="20210110 17:08:40.985" endtime="20210110 17:08:41.019"></status>
</kw>
<kw name="${j} = 19" type="foritem">
<kw name="Get Text" library="SeleniumLibrary">
<doc>Returns the text value of the element identified by ``locator``.</doc>
<arguments>
<arg>xpath=//div[@class='col-md-9']/div[${j}]/a/div[3]</arg>
</arguments>
<assign>
<var>${buk_names}</var>
</assign>
<msg timestamp="20210110 17:08:41.049" level="INFO">${buk_names} = Storytelling for User Experien...</msg>
<status status="PASS" starttime="20210110 17:08:41.019" endtime="20210110 17:08:41.049"></status>
</kw>
<kw name="Exit For Loop If" library="BuiltIn">
<doc>Stops executing the enclosing for loop if the ``condition`` is true.</doc>
<arguments>
<arg>"${buk_names}" == "${Expected_Book_Name}"</arg>
</arguments>
<status status="PASS" starttime="20210110 17:08:41.049" endtime="20210110 17:08:41.049"></status>
</kw>
<status status="PASS" starttime="20210110 17:08:41.019" endtime="20210110 17:08:41.049"></status>
</kw>
<kw name="${j} = 20" type="foritem">
<kw name="Get Text" library="SeleniumLibrary">
<doc>Returns the text value of the element identified by ``locator``.</doc>
<arguments>
<arg>xpath=//div[@class='col-md-9']/div[${j}]/a/div[3]</arg>
</arguments>
<assign>
<var>${buk_names}</var>
</assign>
<msg timestamp="20210110 17:08:41.080" level="INFO">${buk_names} = Web Operations: Keeping the Da...</msg>
<status status="PASS" starttime="20210110 17:08:41.049" endtime="20210110 17:08:41.080"></status>
</kw>
<kw name="Exit For Loop If" library="BuiltIn">
<doc>Stops executing the enclosing for loop if the ``condition`` is true.</doc>
<arguments>
<arg>"${buk_names}" == "${Expected_Book_Name}"</arg>
</arguments>
<status status="PASS" starttime="20210110 17:08:41.080" endtime="20210110 17:08:41.080"></status>
</kw>
<status status="PASS" starttime="20210110 17:08:41.049" endtime="20210110 17:08:41.080"></status>
</kw>
<kw name="${j} = 21" type="foritem">
<kw name="Get Text" library="SeleniumLibrary">
<doc>Returns the text value of the element identified by ``locator``.</doc>
<arguments>
<arg>xpath=//div[@class='col-md-9']/div[${j}]/a/div[3]</arg>
</arguments>
<assign>
<var>${buk_names}</var>
</assign>
<msg timestamp="20210110 17:08:41.111" level="INFO">${buk_names} = The Revolution Will Not Be Tel...</msg>
<status status="PASS" starttime="20210110 17:08:41.080" endtime="20210110 17:08:41.111"></status>
</kw>
<kw name="Exit For Loop If" library="BuiltIn">
<doc>Stops executing the enclosing for loop if the ``condition`` is true.</doc>
<arguments>
<arg>"${buk_names}" == "${Expected_Book_Name}"</arg>
</arguments>
<status status="PASS" starttime="20210110 17:08:41.127" endtime="20210110 17:08:41.127"></status>
</kw>
<status status="PASS" starttime="20210110 17:08:41.080" endtime="20210110 17:08:41.127"></status>
</kw>
<kw name="${j} = 22" type="foritem">
<kw name="Get Text" library="SeleniumLibrary">
<doc>Returns the text value of the element identified by ``locator``.</doc>
<arguments>
<arg>xpath=//div[@class='col-md-9']/div[${j}]/a/div[3]</arg>
</arguments>
<assign>
<var>${buk_names}</var>
</assign>
<msg timestamp="20210110 17:08:41.165" level="INFO">${buk_names} = The Rails Way: Driving Rails i...</msg>
<status status="PASS" starttime="20210110 17:08:41.127" endtime="20210110 17:08:41.165"></status>
</kw>
<kw name="Exit For Loop If" library="BuiltIn">
<doc>Stops executing the enclosing for loop if the ``condition`` is true.</doc>
<arguments>
<arg>"${buk_names}" == "${Expected_Book_Name}"</arg>
</arguments>
<status status="PASS" starttime="20210110 17:08:41.165" endtime="20210110 17:08:41.165"></status>
</kw>
<status status="PASS" starttime="20210110 17:08:41.127" endtime="20210110 17:08:41.165"></status>
</kw>
<kw name="${j} = 23" type="foritem">
<kw name="Get Text" library="SeleniumLibrary">
<doc>Returns the text value of the element identified by ``locator``.</doc>
<arguments>
<arg>xpath=//div[@class='col-md-9']/div[${j}]/a/div[3]</arg>
</arguments>
<assign>
<var>${buk_names}</var>
</assign>
<msg timestamp="20210110 17:08:41.196" level="INFO">${buk_names} = The revolution will not be tel...</msg>
<status status="PASS" starttime="20210110 17:08:41.165" endtime="20210110 17:08:41.196"></status>
</kw>
<kw name="Exit For Loop If" library="BuiltIn">
<doc>Stops executing the enclosing for loop if the ``condition`` is true.</doc>
<arguments>
<arg>"${buk_names}" == "${Expected_Book_Name}"</arg>
</arguments>
<status status="PASS" starttime="20210110 17:08:41.196" endtime="20210110 17:08:41.196"></status>
</kw>
<status status="PASS" starttime="20210110 17:08:41.165" endtime="20210110 17:08:41.196"></status>
</kw>
<kw name="${j} = 24" type="foritem">
<kw name="Get Text" library="SeleniumLibrary">
<doc>Returns the text value of the element identified by ``locator``.</doc>
<arguments>
<arg>xpath=//div[@class='col-md-9']/div[${j}]/a/div[3]</arg>
</arguments>
<assign>
<var>${buk_names}</var>
</assign>
<msg timestamp="20210110 17:08:41.227" level="INFO">${buk_names} = The Digital Divide: Arguments ...</msg>
<status status="PASS" starttime="20210110 17:08:41.196" endtime="20210110 17:08:41.227"></status>
</kw>
<kw name="Exit For Loop If" library="BuiltIn">
<doc>Stops executing the enclosing for loop if the ``condition`` is true.</doc>
<arguments>
<arg>"${buk_names}" == "${Expected_Book_Name}"</arg>
</arguments>
<status status="PASS" starttime="20210110 17:08:41.227" endtime="20210110 17:08:41.227"></status>
</kw>
<status status="PASS" starttime="20210110 17:08:41.196" endtime="20210110 17:08:41.227"></status>
</kw>
<kw name="${j} = 25" type="foritem">
<kw name="Get Text" library="SeleniumLibrary">
<doc>Returns the text value of the element identified by ``locator``.</doc>
<arguments>
<arg>xpath=//div[@class='col-md-9']/div[${j}]/a/div[3]</arg>
</arguments>
<assign>
<var>${buk_names}</var>
</assign>
<msg timestamp="20210110 17:08:41.259" level="INFO">${buk_names} = Google / Google: Guia De Bolsi...</msg>
<status status="PASS" starttime="20210110 17:08:41.227" endtime="20210110 17:08:41.259"></status>
</kw>
<kw name="Exit For Loop If" library="BuiltIn">
<doc>Stops executing the enclosing for loop if the ``condition`` is true.</doc>
<arguments>
<arg>"${buk_names}" == "${Expected_Book_Name}"</arg>
</arguments>
<status status="PASS" starttime="20210110 17:08:41.259" endtime="20210110 17:08:41.259"></status>
</kw>
<status status="PASS" starttime="20210110 17:08:41.227" endtime="20210110 17:08:41.259"></status>
</kw>
<kw name="${j} = 26" type="foritem">
<kw name="Get Text" library="SeleniumLibrary">
<doc>Returns the text value of the element identified by ``locator``.</doc>
<arguments>
<arg>xpath=//div[@class='col-md-9']/div[${j}]/a/div[3]</arg>
</arguments>
<assign>
<var>${buk_names}</var>
</assign>
<msg timestamp="20210110 17:08:41.290" level="INFO">${buk_names} = Against the Machine: Being Hum...</msg>
<status status="PASS" starttime="20210110 17:08:41.259" endtime="20210110 17:08:41.290"></status>
</kw>
<kw name="Exit For Loop If" library="BuiltIn">
<doc>Stops executing the enclosing for loop if the ``condition`` is true.</doc>
<arguments>
<arg>"${buk_names}" == "${Expected_Book_Name}"</arg>
</arguments>
<status status="PASS" starttime="20210110 17:08:41.290" endtime="20210110 17:08:41.290"></status>
</kw>
<status status="PASS" starttime="20210110 17:08:41.259" endtime="20210110 17:08:41.290"></status>
</kw>
<kw name="${j} = 27" type="foritem">
<kw name="Get Text" library="SeleniumLibrary">
<doc>Returns the text value of the element identified by ``locator``.</doc>
<arguments>
<arg>xpath=//div[@class='col-md-9']/div[${j}]/a/div[3]</arg>
</arguments>
<assign>
<var>${buk_names}</var>
</assign>
<msg timestamp="20210110 17:08:41.321" level="INFO">${buk_names} = Using Drupal (English)</msg>
<status status="PASS" starttime="20210110 17:08:41.290" endtime="20210110 17:08:41.321"></status>
</kw>
<kw name="Exit For Loop If" library="BuiltIn">
<doc>Stops executing the enclosing for loop if the ``condition`` is true.</doc>
<arguments>
<arg>"${buk_names}" == "${Expected_Book_Name}"</arg>
</arguments>
<status status="PASS" starttime="20210110 17:08:41.321" endtime="20210110 17:08:41.321"></status>
</kw>
<status status="PASS" starttime="20210110 17:08:41.290" endtime="20210110 17:08:41.321"></status>
</kw>
<kw name="${j} = 28" type="foritem">
<kw name="Get Text" library="SeleniumLibrary">
<doc>Returns the text value of the element identified by ``locator``.</doc>
<arguments>
<arg>xpath=//div[@class='col-md-9']/div[${j}]/a/div[3]</arg>
</arguments>
<assign>
<var>${buk_names}</var>
</assign>
<msg timestamp="20210110 17:08:41.352" level="INFO">${buk_names} = The CSS Anthology: 101 Essenti...</msg>
<status status="PASS" starttime="20210110 17:08:41.321" endtime="20210110 17:08:41.352"></status>
</kw>
<kw name="Exit For Loop If" library="BuiltIn">
<doc>Stops executing the enclosing for loop if the ``condition`` is true.</doc>
<arguments>
<arg>"${buk_names}" == "${Expected_Book_Name}"</arg>
</arguments>
<status status="PASS" starttime="20210110 17:08:41.352" endtime="20210110 17:08:41.352"></status>
</kw>
<status status="PASS" starttime="20210110 17:08:41.321" endtime="20210110 17:08:41.352"></status>
</kw>
<kw name="${j} = 29" type="foritem">
<kw name="Get Text" library="SeleniumLibrary">
<doc>Returns the text value of the element identified by ``locator``.</doc>
<arguments>
<arg>xpath=//div[@class='col-md-9']/div[${j}]/a/div[3]</arg>
</arguments>
<assign>
<var>${buk_names}</var>
</assign>
<msg timestamp="20210110 17:08:41.384" level="INFO">${buk_names} = How to Find Out Anything: From...</msg>
<status status="PASS" starttime="20210110 17:08:41.352" endtime="20210110 17:08:41.399"></status>
</kw>
<kw name="Exit For Loop If" library="BuiltIn">
<doc>Stops executing the enclosing for loop if the ``condition`` is true.</doc>
<arguments>
<arg>"${buk_names}" == "${Expected_Book_Name}"</arg>
</arguments>
<status status="PASS" starttime="20210110 17:08:41.399" endtime="20210110 17:08:41.399"></status>
</kw>
<status status="PASS" starttime="20210110 17:08:41.352" endtime="20210110 17:08:41.399"></status>
</kw>
<kw name="${j} = 30" type="foritem">
<kw name="Get Text" library="SeleniumLibrary">
<doc>Returns the text value of the element identified by ``locator``.</doc>
<arguments>
<arg>xpath=//div[@class='col-md-9']/div[${j}]/a/div[3]</arg>
</arguments>
<assign>
<var>${buk_names}</var>
</assign>
<msg timestamp="20210110 17:08:41.430" level="INFO">${buk_names} = The Yahoo! Style Guide: The Ul...</msg>
<status status="PASS" starttime="20210110 17:08:41.399" endtime="20210110 17:08:41.430"></status>
</kw>
<kw name="Exit For Loop If" library="BuiltIn">
<doc>Stops executing the enclosing for loop if the ``condition`` is true.</doc>
<arguments>
<arg>"${buk_names}" == "${Expected_Book_Name}"</arg>
</arguments>
<status status="PASS" starttime="20210110 17:08:41.430" endtime="20210110 17:08:41.430"></status>
</kw>
<status status="PASS" starttime="20210110 17:08:41.399" endtime="20210110 17:08:41.430"></status>
</kw>
<kw name="${j} = 31" type="foritem">
<kw name="Get Text" library="SeleniumLibrary">
<doc>Returns the text value of the element identified by ``locator``.</doc>
<arguments>
<arg>xpath=//div[@class='col-md-9']/div[${j}]/a/div[3]</arg>
</arguments>
<assign>
<var>${buk_names}</var>
</assign>
<msg timestamp="20210110 17:08:41.462" level="INFO">${buk_names} = RESTful Web Services Cookbook:...</msg>
<status status="PASS" starttime="20210110 17:08:41.430" endtime="20210110 17:08:41.462"></status>
</kw>
<kw name="Exit For Loop If" library="BuiltIn">
<doc>Stops executing the enclosing for loop if the ``condition`` is true.</doc>
<arguments>
<arg>"${buk_names}" == "${Expected_Book_Name}"</arg>
</arguments>
<msg timestamp="20210110 17:08:41.462" level="INFO">Exiting for loop altogether.</msg>
<status status="PASS" starttime="20210110 17:08:41.462" endtime="20210110 17:08:41.462"></status>
</kw>
<status status="PASS" starttime="20210110 17:08:41.430" endtime="20210110 17:08:41.462"></status>
</kw>
<status status="PASS" starttime="20210110 17:08:40.381" endtime="20210110 17:08:41.462"></status>
</kw>
<kw name="Set Test Variable" library="BuiltIn">
<doc>Makes a variable available everywhere within the scope of the current test.</doc>
<arguments>
<arg>${exact_buk_elem}</arg>
<arg>xpath=//div[@class='col-md-9']/div[${j}]/a/div[3]</arg>
</arguments>
<msg timestamp="20210110 17:08:41.462" level="INFO">${exact_buk_elem} = xpath=//div[@class='col-md-9']/div[31]/a/div[3]</msg>
<status status="PASS" starttime="20210110 17:08:41.462" endtime="20210110 17:08:41.462"></status>
</kw>
<kw name="Log To Console" library="BuiltIn">
<doc>Logs the given message to the console.</doc>
<arguments>
<arg>Step4</arg>
</arguments>
<status status="PASS" starttime="20210110 17:08:41.462" endtime="20210110 17:08:41.462"></status>
</kw>
<status status="PASS" starttime="20210110 17:08:40.350" endtime="20210110 17:08:41.462"></status>
</kw>
<kw name="Go to Expected Book details page" library="instructions">
<kw name="Sleep" library="BuiltIn">
<doc>Pauses the test executed for the given time.</doc>
<arguments>
<arg>5s</arg>
</arguments>
<msg timestamp="20210110 17:08:46.475" level="INFO">Slept 5 seconds</msg>
<status status="PASS" starttime="20210110 17:08:41.462" endtime="20210110 17:08:46.475"></status>
</kw>
<kw name="Click Element" library="SeleniumLibrary">
<doc>Click the element identified by ``locator``.</doc>
<arguments>
<arg>${exact_buk_elem}</arg>
</arguments>
<msg timestamp="20210110 17:08:46.475" level="INFO">Clicking element 'xpath=//div[@class='col-md-9']/div[31]/a/div[3]'.</msg>
<status status="PASS" starttime="20210110 17:08:46.475" endtime="20210110 17:09:00.983"></status>
</kw>
<kw name="Log To Console" library="BuiltIn">
<doc>Logs the given message to the console.</doc>
<arguments>
<arg>Step5</arg>
</arguments>
<status status="PASS" starttime="20210110 17:09:00.984" endtime="20210110 17:09:00.985"></status>
</kw>
<status status="PASS" starttime="20210110 17:08:41.462" endtime="20210110 17:09:00.986"></status>
</kw>
<kw name="Verify User navigated to the expected book details" library="instructions">
<kw name="Verify WebPage title" library="instructions">
<arguments>
<arg>${Expected_Book_Detailed_Name}</arg>
</arguments>
<kw name="Wait Until Page Contains" library="SeleniumLibrary">
<doc>Waits until ``text`` appears on the current page.</doc>
<arguments>
<arg>${title_name}</arg>
</arguments>
<status status="PASS" starttime="20210110 17:09:00.989" endtime="20210110 17:09:01.018"></status>
</kw>
<kw name="Log To Console" library="BuiltIn">
<doc>Logs the given message to the console.</doc>
<arguments>
<arg>${title_name}</arg>
</arguments>
<status status="PASS" starttime="20210110 17:09:01.018" endtime="20210110 17:09:01.019"></status>
</kw>
<kw name="Log To Console" library="BuiltIn">
<doc>Logs the given message to the console.</doc>
<arguments>
<arg>Pass!!</arg>
</arguments>
<status status="PASS" starttime="20210110 17:09:01.019" endtime="20210110 17:09:01.019"></status>
</kw>
<status status="PASS" starttime="20210110 17:09:00.988" endtime="20210110 17:09:01.020"></status>
</kw>
<kw name="Log To Console" library="BuiltIn">
<doc>Logs the given message to the console.</doc>
<arguments>
<arg>Step6</arg>
</arguments>
<status status="PASS" starttime="20210110 17:09:01.020" endtime="20210110 17:09:01.020"></status>
</kw>
<status status="PASS" starttime="20210110 17:09:00.987" endtime="20210110 17:09:01.021"></status>
</kw>
<kw name="Purchase a book" library="instructions">
<kw name="Click Element" library="SeleniumLibrary">
<doc>Click the element identified by ``locator``.</doc>
<arguments>
<arg>${Amazon}</arg>
</arguments>
<msg timestamp="20210110 17:09:01.022" level="INFO">Clicking element 'xpath=//*[@id="main-wrapper"]/div[5]/div[2]/div[3]/div/a[1]'.</msg>
<status status="PASS" starttime="20210110 17:09:01.022" endtime="20210110 17:09:01.136"></status>
</kw>
<kw name="Log To Console" library="BuiltIn">
<doc>Logs the given message to the console.</doc>
<arguments>
<arg>Step7</arg>
</arguments>
<status status="PASS" starttime="20210110 17:09:01.136" endtime="20210110 17:09:01.137"></status>
</kw>
<status status="PASS" starttime="20210110 17:09:01.021" endtime="20210110 17:09:01.137"></status>
</kw>
<kw name="Add to cart" library="instructions">
<kw name="Select Window" library="SeleniumLibrary">
<doc>DEPRECATED in SeleniumLibrary 4.0. , use `Switch Window` instead.</doc>
<arguments>
<arg>Buy RESTful Web Services Cookbook Book Online at Low Prices in India | RESTful Web Services Cookbook Reviews &amp; Ratings - Amazon.in</arg>
</arguments>
<status status="PASS" starttime="20210110 17:09:01.140" endtime="20210110 17:09:12.901"></status>
</kw>
<kw name="Get Location" library="SeleniumLibrary">
<doc>Returns the current browser window URL.</doc>
<assign>
<var>${url1}</var>
</assign>
<msg timestamp="20210110 17:09:12.906" level="INFO">${url1} = https://www.amazon.in/dp/0596801688?tag=indi08-21</msg>
<status status="PASS" starttime="20210110 17:09:12.902" endtime="20210110 17:09:12.906"></status>
</kw>
<kw name="Log To Console" library="BuiltIn">
<doc>Logs the given message to the console.</doc>
<arguments>
<arg>${url1}</arg>
</arguments>
<status status="PASS" starttime="20210110 17:09:12.906" endtime="20210110 17:09:12.907"></status>
</kw>
<kw name="Click Element" library="SeleniumLibrary">
<doc>Click the element identified by ``locator``.</doc>
<arguments>
<arg>${add_to_cart}</arg>
</arguments>
<msg timestamp="20210110 17:09:12.907" level="INFO">Clicking element 'xpath=//*[@id="add-to-cart-button"]'.</msg>
<status status="PASS" starttime="20210110 17:09:12.907" endtime="20210110 17:09:17.819"></status>
</kw>
<status status="PASS" starttime="20210110 17:09:01.139" endtime="20210110 17:09:17.819"></status>
</kw>
<tags>
<tag>sanity</tag>
</tags>
<status status="PASS" starttime="20210110 17:08:10.000" endtime="20210110 17:09:17.820" critical="yes"></status>
</test>
<status status="PASS" starttime="20210110 17:08:09.718" endtime="20210110 17:09:17.824"></status>
</suite>
<statistics>
<total>
<stat pass="1" fail="0">Critical Tests</stat>
<stat pass="1" fail="0">All Tests</stat>
</total>
<tag>
<stat pass="1" fail="0">sanity</stat>
</tag>
<suite>
<stat pass="1" fail="0" id="s1" name="TestCases">TestCases</stat>
</suite>
</statistics>
<errors>
</errors>
</robot>
